<?xml version="1.0" encoding="UTF-8"?>
<!-- Generated by org.testng.reporters.JUnitReportReporter -->
<testsuite hostname="qedge-PC" name="com.orangehrm.testsuite.LoginTest" tests="1" failures="0" timestamp="29 Dec 2015 08:13:26 GMT" time="34.148" errors="0">
  <testcase name="loginTest1" time="34.148" classname="com.orangehrm.testsuite.LoginTest"/>
</testsuite> <!-- com.orangehrm.testsuite.LoginTest -->
