<?xml version="1.0" encoding="UTF-8"?>
<!-- Generated by org.testng.reporters.JUnitReportReporter -->
<testsuite hostname="qedge-PC" name="com.orangehrm.testsuite1.Screenshot" tests="2" failures="0" timestamp="30 Dec 2015 12:02:25 GMT" time="11.924" errors="0">
  <testcase name="Screenshot1" time="0.780" classname="com.orangehrm.testsuite1.Screenshot"/>
  <testcase name="Screenshot1" time="11.144" classname="com.orangehrm.testsuite1.Screenshot"/>
</testsuite> <!-- com.orangehrm.testsuite1.Screenshot -->
