<?xml version="1.0" encoding="UTF-8"?>
<!-- Generated by org.testng.reporters.JUnitReportReporter -->
<testsuite hostname="qedge-PC" name="com.orangehrm.baseclass.Logout" tests="1" failures="0" timestamp="29 Dec 2015 08:10:26 GMT" time="14.413" errors="0">
  <testcase name="logtest" time="14.413" classname="com.orangehrm.baseclass.Logout"/>
</testsuite> <!-- com.orangehrm.baseclass.Logout -->
