<?xml version="1.0" encoding="UTF-8"?>
<!-- Generated by org.testng.reporters.JUnitReportReporter -->
<testsuite hostname="qedge-PC" name="com.orangehrm.baseclass.LoginTest" tests="1" failures="0" timestamp="29 Dec 2015 08:10:26 GMT" time="54.812" errors="0">
  <testcase name="loginTest1" time="54.812" classname="com.orangehrm.baseclass.LoginTest"/>
</testsuite> <!-- com.orangehrm.baseclass.LoginTest -->
