<?xml version="1.0" encoding="UTF-8"?>
<!-- Generated by org.testng.reporters.JUnitReportReporter -->
<testsuite hostname="qedge-PC" name="Testcase" tests="1" failures="0" timestamp="23 Dec 2015 05:45:31 GMT" time="17.594" errors="0">
  <testcase name="testcase" time="17.594" classname="Testcase"/>
</testsuite> <!-- Testcase -->
